2026-06-10 09:51:06,306 - __main__ - INFO - Initializing DIX VISION Desktop AgentOS Backend...
2026-06-10 09:51:06,306 - desktop_agent.runtime.runtime - INFO - Initializing Desktop AgentOS Runtime...
2026-06-10 09:51:06,306 - desktop_agent.runtime.event_bus - INFO - Event Bus initialized
2026-06-10 09:51:06,306 - desktop_agent.runtime.scheduler - INFO - Task Scheduler initialized
2026-06-10 09:51:06,306 - desktop_agent.runtime.runtime - INFO - Desktop AgentOS Runtime initialized
2026-06-10 09:51:06,306 - desktop_agent.environment.registry - INFO - Registered environment type: browser
2026-06-10 09:51:06,306 - INDIRA - INFO - Initializing INDIRA agent...
2026-06-10 09:51:06,306 - DYON - INFO - Initializing DYON agent...
2026-06-10 09:51:06,306 - desktop_agent.runtime.runtime - INFO - Registered agent: indira
2026-06-10 09:51:06,306 - desktop_agent.runtime.runtime - INFO - Registered agent: dyon
2026-06-10 09:51:06,320 - INDIRAMemory - INFO - INDIRA Memory initialized
2026-06-10 09:51:06,320 - DYONMemory - INFO - DYON Memory initialized
2026-06-10 09:51:06,320 - desktop_agent.hud.hud - INFO - Visual Agent HUD initialized
2026-06-10 09:51:06,320 - desktop_agent.hud.hud - INFO - Visual Agent HUD initialized
2026-06-10 09:51:06,320 - __main__ - INFO - Backend components initialized successfully
2026-06-10 09:51:06,320 - __main__ - INFO - Starting DIX VISION Desktop AgentOS Backend...
2026-06-10 09:51:06,320 - desktop_agent.runtime.runtime - INFO - Starting Desktop AgentOS Runtime...
2026-06-10 09:51:06,320 - desktop_agent.runtime.lifecycle - INFO - Starting lifecycle...
2026-06-10 09:51:06,320 - desktop_agent.runtime.runtime - INFO - Runtime startup hook executed
2026-06-10 09:51:06,320 - desktop_agent.runtime.lifecycle - INFO - Lifecycle startup complete
2026-06-10 09:51:06,320 - desktop_agent.runtime.scheduler - INFO - Task Scheduler started
2026-06-10 09:51:06,320 - desktop_agent.runtime.runtime - INFO - Desktop AgentOS Runtime started
2026-06-10 09:51:06,320 - __main__ - INFO - Backend started successfully
2026-06-10 09:51:06,320 - __main__ - INFO - Launching DIX VISION Desktop Application...
2026-06-10 09:51:06,322 - __main__ - INFO - Starting Tauri application...
2026-06-10 09:51:06,324 - __main__ - ERROR - Error launching desktop app: [WinError 2] The system cannot find the file specified
2026-06-10 09:51:06,324 - desktop_agent.runtime.runtime - INFO - Stopping Desktop AgentOS Runtime...
2026-06-10 09:51:06,324 - desktop_agent.runtime.scheduler - INFO - Task Scheduler stopped
2026-06-10 09:51:06,324 - desktop_agent.runtime.lifecycle - INFO - Stopping lifecycle...
2026-06-10 09:51:06,324 - desktop_agent.runtime.runtime - INFO - Runtime shutdown hook executed
2026-06-10 09:51:06,324 - desktop_agent.runtime.lifecycle - INFO - Lifecycle shutdown complete
2026-06-10 09:51:06,324 - desktop_agent.runtime.runtime - INFO - Desktop AgentOS Runtime stopped
2026-06-10 09:51:06,324 - __main__ - INFO - DIX VISION Desktop AgentOS shutdown complete
2026-06-10 10:07:51,800 - __main__ - INFO - Initializing DIX VISION Desktop AgentOS Backend...
2026-06-10 10:07:51,800 - desktop_agent.runtime.runtime - INFO - Initializing Desktop AgentOS Runtime...
2026-06-10 10:07:51,800 - desktop_agent.runtime.event_bus - INFO - Event Bus initialized
2026-06-10 10:07:51,800 - desktop_agent.runtime.scheduler - INFO - Task Scheduler initialized
2026-06-10 10:07:51,804 - desktop_agent.runtime.runtime - INFO - Desktop AgentOS Runtime initialized
2026-06-10 10:07:51,804 - desktop_agent.environment.registry - INFO - Registered environment type: browser
2026-06-10 10:07:51,804 - INDIRA - INFO - Initializing INDIRA agent...
2026-06-10 10:07:51,804 - DYON - INFO - Initializing DYON agent...
2026-06-10 10:07:51,804 - desktop_agent.runtime.runtime - INFO - Registered agent: indira
2026-06-10 10:07:51,804 - desktop_agent.runtime.runtime - INFO - Registered agent: dyon
2026-06-10 10:07:51,804 - INDIRAMemory - INFO - INDIRA Memory initialized
2026-06-10 10:07:51,804 - DYONMemory - INFO - DYON Memory initialized
2026-06-10 10:07:51,804 - desktop_agent.hud.hud - INFO - Visual Agent HUD initialized
2026-06-10 10:07:51,804 - desktop_agent.hud.hud - INFO - Visual Agent HUD initialized
2026-06-10 10:07:51,804 - __main__ - INFO - Backend components initialized successfully
2026-06-10 10:07:51,804 - __main__ - INFO - Starting DIX VISION Desktop AgentOS Backend...
2026-06-10 10:07:51,804 - desktop_agent.runtime.runtime - INFO - Starting Desktop AgentOS Runtime...
2026-06-10 10:07:51,804 - desktop_agent.runtime.lifecycle - INFO - Starting lifecycle...
2026-06-10 10:07:51,804 - desktop_agent.runtime.runtime - INFO - Runtime startup hook executed
2026-06-10 10:07:51,804 - desktop_agent.runtime.lifecycle - INFO - Lifecycle startup complete
2026-06-10 10:07:51,804 - desktop_agent.runtime.scheduler - INFO - Task Scheduler started
2026-06-10 10:07:51,804 - desktop_agent.runtime.runtime - INFO - Desktop AgentOS Runtime started
2026-06-10 10:07:51,804 - __main__ - INFO - Backend started successfully
2026-06-10 10:07:51,804 - __main__ - INFO - Launching DIX VISION Desktop Application...
2026-06-10 10:07:51,804 - __main__ - INFO - Starting Tauri application...
2026-06-10 10:07:51,807 - __main__ - ERROR - Error launching desktop app: [WinError 2] The system cannot find the file specified
2026-06-10 10:07:51,807 - desktop_agent.runtime.runtime - INFO - Stopping Desktop AgentOS Runtime...
2026-06-10 10:07:51,808 - desktop_agent.runtime.scheduler - INFO - Task Scheduler stopped
2026-06-10 10:07:51,808 - desktop_agent.runtime.lifecycle - INFO - Stopping lifecycle...
2026-06-10 10:07:51,808 - desktop_agent.runtime.runtime - INFO - Runtime shutdown hook executed
2026-06-10 10:07:51,808 - desktop_agent.runtime.lifecycle - INFO - Lifecycle shutdown complete
2026-06-10 10:07:51,808 - desktop_agent.runtime.runtime - INFO - Desktop AgentOS Runtime stopped
2026-06-10 10:07:51,808 - __main__ - INFO - DIX VISION Desktop AgentOS shutdown complete
